2020-08-05 10:08:34.701 DEBUG 30715 --- [http-nio-9221-exec-8] o.s.web.servlet.DispatcherServlet        : GET "/v1/scanRules", parameters={}
2020-08-05 10:08:34.913 DEBUG 30715 --- [http-nio-9221-exec-8] s.w.s.m.m.a.RequestMappingHandlerMapping : Mapped to com.hcl.appscan.customscannersservice.controller.CustomScannersController#getScanRules(String[])
2020-08-05 10:08:35.005 DEBUG 30715 --- [http-nio-9221-exec-8] o.s.w.s.m.m.a.HttpEntityMethodProcessor  : Using 'application/json', given [application/json] and supported [application/json]
2020-08-05 10:08:35.034 DEBUG 30715 --- [http-nio-9221-exec-8] o.s.w.s.m.m.a.HttpEntityMethodProcessor  : Writing [{Golang={com.ouncelabs.languagelite.golang.rules.CommMisconfig=CustomScannersServiceScanRule{ruleNam (truncated)...]
2020-08-05 10:08:35.054 DEBUG 30715 --- [http-nio-9221-exec-8] o.s.web.servlet.DispatcherServlet        : Completed 200 OK
2020-08-05 10:08:35.070 DEBUG 30715 --- [http-nio-9221-exec-9] o.s.web.servlet.DispatcherServlet        : GET "/v1/scanRules", parameters={}
2020-08-05 10:08:35.071 DEBUG 30715 --- [http-nio-9221-exec-9] s.w.s.m.m.a.RequestMappingHandlerMapping : Mapped to com.hcl.appscan.customscannersservice.controller.CustomScannersController#getScanRules(String[])
2020-08-05 10:08:35.072 DEBUG 30715 --- [http-nio-9221-exec-9] o.s.w.s.m.m.a.HttpEntityMethodProcessor  : Using 'application/json', given [application/json] and supported [application/json]
2020-08-05 10:08:35.095 DEBUG 30715 --- [http-nio-9221-exec-9] o.s.w.s.m.m.a.HttpEntityMethodProcessor  : Writing [{Golang={com.ouncelabs.languagelite.golang.rules.CommMisconfig=CustomScannersServiceScanRule{ruleNam (truncated)...]
2020-08-05 10:08:35.099 DEBUG 30715 --- [http-nio-9221-exec-9] o.s.web.servlet.DispatcherServlet        : Completed 200 OK
2020-08-05 10:43:32.824 DEBUG 30715 --- [http-nio-9221-exec-10] o.s.web.servlet.DispatcherServlet        : POST "/v1/scanFile", parameters={masked}
2020-08-05 10:43:32.832 DEBUG 30715 --- [http-nio-9221-exec-10] s.w.s.m.m.a.RequestMappingHandlerMapping : Mapped to com.hcl.appscan.customscannersservice.controller.CustomScannersController#runScanFile(MultipartFile, String, int[])
2020-08-05 10:43:32.993 DEBUG 30715 --- [http-nio-9221-exec-10] o.s.w.s.m.m.a.HttpEntityMethodProcessor  : Using 'application/json', given [application/json] and supported [application/json]
2020-08-05 10:43:33.020 DEBUG 30715 --- [http-nio-9221-exec-10] o.s.w.s.m.m.a.HttpEntityMethodProcessor  : Writing [CustomScannerServiceResult{findings=[], articles={}}]
2020-08-05 10:43:33.042 DEBUG 30715 --- [http-nio-9221-exec-10] o.s.web.servlet.DispatcherServlet        : Completed 200 OK
2020-08-05 10:50:48.017 DEBUG 30715 --- [http-nio-9221-exec-1] o.s.web.servlet.DispatcherServlet        : POST "/v1/scanFile", parameters={masked}
2020-08-05 10:50:48.018 DEBUG 30715 --- [http-nio-9221-exec-1] s.w.s.m.m.a.RequestMappingHandlerMapping : Mapped to com.hcl.appscan.customscannersservice.controller.CustomScannersController#runScanFile(MultipartFile, String, int[])
2020-08-05 10:50:48.021 DEBUG 30715 --- [http-nio-9221-exec-1] o.s.w.s.m.m.a.HttpEntityMethodProcessor  : Using 'application/json', given [application/json] and supported [application/json]
2020-08-05 10:50:48.021 DEBUG 30715 --- [http-nio-9221-exec-1] o.s.w.s.m.m.a.HttpEntityMethodProcessor  : Writing [CustomScannerServiceResult{findings=[], articles={}}]
2020-08-05 10:50:48.022 DEBUG 30715 --- [http-nio-9221-exec-1] o.s.web.servlet.DispatcherServlet        : Completed 200 OK
2020-08-05 11:09:41.484 DEBUG 30715 --- [http-nio-9221-exec-2] o.s.web.servlet.DispatcherServlet        : POST "/v1/scanFile", parameters={masked}
2020-08-05 11:09:41.485 DEBUG 30715 --- [http-nio-9221-exec-2] s.w.s.m.m.a.RequestMappingHandlerMapping : Mapped to com.hcl.appscan.customscannersservice.controller.CustomScannersController#runScanFile(MultipartFile, String, int[])
2020-08-05 11:09:41.489 DEBUG 30715 --- [http-nio-9221-exec-2] o.s.w.s.m.m.a.HttpEntityMethodProcessor  : Using 'application/json', given [application/json] and supported [application/json]
2020-08-05 11:09:41.489 DEBUG 30715 --- [http-nio-9221-exec-2] o.s.w.s.m.m.a.HttpEntityMethodProcessor  : Writing [CustomScannerServiceResult{findings=[], articles={}}]
2020-08-05 11:09:41.491 DEBUG 30715 --- [http-nio-9221-exec-2] o.s.web.servlet.DispatcherServlet        : Completed 200 OK
2020-08-05 11:37:37.400 DEBUG 30715 --- [http-nio-9221-exec-3] o.s.web.servlet.DispatcherServlet        : GET "/v1/scanRules", parameters={}
2020-08-05 11:37:37.403 DEBUG 30715 --- [http-nio-9221-exec-3] s.w.s.m.m.a.RequestMappingHandlerMapping : Mapped to com.hcl.appscan.customscannersservice.controller.CustomScannersController#getScanRules(String[])
2020-08-05 11:37:37.405 DEBUG 30715 --- [http-nio-9221-exec-3] o.s.w.s.m.m.a.HttpEntityMethodProcessor  : Using 'application/json', given [application/json] and supported [application/json]
2020-08-05 11:37:37.440 DEBUG 30715 --- [http-nio-9221-exec-3] o.s.w.s.m.m.a.HttpEntityMethodProcessor  : Writing [{Golang={com.ouncelabs.languagelite.golang.rules.CommMisconfig=CustomScannersServiceScanRule{ruleNam (truncated)...]
2020-08-05 11:37:37.451 DEBUG 30715 --- [http-nio-9221-exec-3] o.s.web.servlet.DispatcherServlet        : Completed 200 OK
2020-08-05 11:37:37.643 DEBUG 30715 --- [http-nio-9221-exec-4] o.s.web.servlet.DispatcherServlet        : GET "/v1/scanRules", parameters={}
2020-08-05 11:37:37.644 DEBUG 30715 --- [http-nio-9221-exec-4] s.w.s.m.m.a.RequestMappingHandlerMapping : Mapped to com.hcl.appscan.customscannersservice.controller.CustomScannersController#getScanRules(String[])
2020-08-05 11:37:37.644 DEBUG 30715 --- [http-nio-9221-exec-4] o.s.w.s.m.m.a.HttpEntityMethodProcessor  : Using 'application/json', given [application/json] and supported [application/json]
2020-08-05 11:37:37.661 DEBUG 30715 --- [http-nio-9221-exec-4] o.s.w.s.m.m.a.HttpEntityMethodProcessor  : Writing [{Golang={com.ouncelabs.languagelite.golang.rules.CommMisconfig=CustomScannersServiceScanRule{ruleNam (truncated)...]
2020-08-05 11:37:37.664 DEBUG 30715 --- [http-nio-9221-exec-4] o.s.web.servlet.DispatcherServlet        : Completed 200 OK
2020-08-05 15:21:35.556 DEBUG 30715 --- [http-nio-9221-exec-5] o.s.web.servlet.DispatcherServlet        : POST "/v1/scanFile", parameters={masked}
2020-08-05 15:21:35.557 DEBUG 30715 --- [http-nio-9221-exec-5] s.w.s.m.m.a.RequestMappingHandlerMapping : Mapped to com.hcl.appscan.customscannersservice.controller.CustomScannersController#runScanFile(MultipartFile, String, int[])
2020-08-05 15:21:35.616 DEBUG 30715 --- [http-nio-9221-exec-5] .m.m.a.ExceptionHandlerExceptionResolver : Using @ExceptionHandler com.hcl.appscan.customscannersservice.controller.CustomScannersControllerAdvice#handleInvalidArgument(IllegalArgumentException)
2020-08-05 15:21:35.629 DEBUG 30715 --- [http-nio-9221-exec-5] o.s.w.s.m.m.a.HttpEntityMethodProcessor  : Using 'application/json', given [application/json] and supported [application/json, application/*+json, application/json, application/*+json]
2020-08-05 15:21:35.630 DEBUG 30715 --- [http-nio-9221-exec-5] o.s.w.s.m.m.a.HttpEntityMethodProcessor  : Writing [com.hcl.appscan.customscannersservice.controller.CustomScannersControllerAdvice$ErrorMessage@1ae8b03 (truncated)...]
2020-08-05 15:21:35.641 DEBUG 30715 --- [http-nio-9221-exec-5] .m.m.a.ExceptionHandlerExceptionResolver : Resolved [java.lang.IllegalArgumentException: The following file extension is not supported: md]
2020-08-05 15:21:35.642 DEBUG 30715 --- [http-nio-9221-exec-5] o.s.web.servlet.DispatcherServlet        : Completed 422 UNPROCESSABLE_ENTITY
2020-08-05 15:22:09.066 DEBUG 30715 --- [http-nio-9221-exec-6] o.s.web.servlet.DispatcherServlet        : POST "/v1/scanFile", parameters={masked}
2020-08-05 15:22:09.069 DEBUG 30715 --- [http-nio-9221-exec-6] s.w.s.m.m.a.RequestMappingHandlerMapping : Mapped to com.hcl.appscan.customscannersservice.controller.CustomScannersController#runScanFile(MultipartFile, String, int[])
2020-08-05 15:22:09.077 DEBUG 30715 --- [http-nio-9221-exec-6] .m.m.a.ExceptionHandlerExceptionResolver : Using @ExceptionHandler com.hcl.appscan.customscannersservice.controller.CustomScannersControllerAdvice#handleInvalidArgument(IllegalArgumentException)
2020-08-05 15:22:09.077 DEBUG 30715 --- [http-nio-9221-exec-6] o.s.w.s.m.m.a.HttpEntityMethodProcessor  : Using 'application/json', given [application/json] and supported [application/json, application/*+json, application/json, application/*+json]
2020-08-05 15:22:09.077 DEBUG 30715 --- [http-nio-9221-exec-6] o.s.w.s.m.m.a.HttpEntityMethodProcessor  : Writing [com.hcl.appscan.customscannersservice.controller.CustomScannersControllerAdvice$ErrorMessage@11255b6 (truncated)...]
2020-08-05 15:22:09.078 DEBUG 30715 --- [http-nio-9221-exec-6] .m.m.a.ExceptionHandlerExceptionResolver : Resolved [java.lang.IllegalArgumentException: The following file extension is not supported: md]
2020-08-05 15:22:09.079 DEBUG 30715 --- [http-nio-9221-exec-6] o.s.web.servlet.DispatcherServlet        : Completed 422 UNPROCESSABLE_ENTITY
2020-08-05 15:32:58.459 DEBUG 30715 --- [http-nio-9221-exec-7] o.s.web.servlet.DispatcherServlet        : POST "/v1/scanFile", parameters={masked}
2020-08-05 15:32:58.462 DEBUG 30715 --- [http-nio-9221-exec-7] s.w.s.m.m.a.RequestMappingHandlerMapping : Mapped to com.hcl.appscan.customscannersservice.controller.CustomScannersController#runScanFile(MultipartFile, String, int[])
2020-08-05 15:32:58.474 DEBUG 30715 --- [http-nio-9221-exec-7] .m.m.a.ExceptionHandlerExceptionResolver : Using @ExceptionHandler com.hcl.appscan.customscannersservice.controller.CustomScannersControllerAdvice#handleInvalidArgument(IllegalArgumentException)
2020-08-05 15:32:58.475 DEBUG 30715 --- [http-nio-9221-exec-7] o.s.w.s.m.m.a.HttpEntityMethodProcessor  : Using 'application/json', given [application/json] and supported [application/json, application/*+json, application/json, application/*+json]
2020-08-05 15:32:58.476 DEBUG 30715 --- [http-nio-9221-exec-7] o.s.w.s.m.m.a.HttpEntityMethodProcessor  : Writing [com.hcl.appscan.customscannersservice.controller.CustomScannersControllerAdvice$ErrorMessage@1d55b01 (truncated)...]
2020-08-05 15:32:58.478 DEBUG 30715 --- [http-nio-9221-exec-7] .m.m.a.ExceptionHandlerExceptionResolver : Resolved [java.lang.IllegalArgumentException: The following file extension is not supported: md]
2020-08-05 15:32:58.479 DEBUG 30715 --- [http-nio-9221-exec-7] o.s.web.servlet.DispatcherServlet        : Completed 422 UNPROCESSABLE_ENTITY
2020-08-05 15:44:56.675 DEBUG 30715 --- [http-nio-9221-exec-8] o.s.web.servlet.DispatcherServlet        : POST "/v1/scanFile", parameters={masked}
2020-08-05 15:44:56.677 DEBUG 30715 --- [http-nio-9221-exec-8] s.w.s.m.m.a.RequestMappingHandlerMapping : Mapped to com.hcl.appscan.customscannersservice.controller.CustomScannersController#runScanFile(MultipartFile, String, int[])
2020-08-05 15:44:56.682 DEBUG 30715 --- [http-nio-9221-exec-8] o.s.w.s.m.m.a.HttpEntityMethodProcessor  : Using 'application/json', given [application/json] and supported [application/json]
2020-08-05 15:44:56.682 DEBUG 30715 --- [http-nio-9221-exec-8] o.s.w.s.m.m.a.HttpEntityMethodProcessor  : Writing [CustomScannerServiceResult{findings=[], articles={}}]
2020-08-05 15:44:56.684 DEBUG 30715 --- [http-nio-9221-exec-8] o.s.web.servlet.DispatcherServlet        : Completed 200 OK
2020-08-05 15:46:13.808 DEBUG 30715 --- [http-nio-9221-exec-9] o.s.web.servlet.DispatcherServlet        : POST "/v1/scanFile", parameters={masked}
2020-08-05 15:46:13.818 DEBUG 30715 --- [http-nio-9221-exec-9] s.w.s.m.m.a.RequestMappingHandlerMapping : Mapped to com.hcl.appscan.customscannersservice.controller.CustomScannersController#runScanFile(MultipartFile, String, int[])
2020-08-05 15:46:13.830 DEBUG 30715 --- [http-nio-9221-exec-9] .m.m.a.ExceptionHandlerExceptionResolver : Using @ExceptionHandler com.hcl.appscan.customscannersservice.controller.CustomScannersControllerAdvice#handleInvalidArgument(IllegalArgumentException)
2020-08-05 15:46:13.830 DEBUG 30715 --- [http-nio-9221-exec-9] o.s.w.s.m.m.a.HttpEntityMethodProcessor  : Using 'application/json', given [application/json] and supported [application/json, application/*+json, application/json, application/*+json]
2020-08-05 15:46:13.830 DEBUG 30715 --- [http-nio-9221-exec-9] o.s.w.s.m.m.a.HttpEntityMethodProcessor  : Writing [com.hcl.appscan.customscannersservice.controller.CustomScannersControllerAdvice$ErrorMessage@6199f00 (truncated)...]
2020-08-05 15:46:13.832 DEBUG 30715 --- [http-nio-9221-exec-9] .m.m.a.ExceptionHandlerExceptionResolver : Resolved [java.lang.IllegalArgumentException: The following file extension is not supported: md]
2020-08-05 15:46:13.832 DEBUG 30715 --- [http-nio-9221-exec-9] o.s.web.servlet.DispatcherServlet        : Completed 422 UNPROCESSABLE_ENTITY
2020-08-05 15:49:11.905 DEBUG 30715 --- [http-nio-9221-exec-10] o.s.web.servlet.DispatcherServlet        : POST "/v1/scanFile", parameters={masked}
2020-08-05 15:49:11.906 DEBUG 30715 --- [http-nio-9221-exec-10] s.w.s.m.m.a.RequestMappingHandlerMapping : Mapped to com.hcl.appscan.customscannersservice.controller.CustomScannersController#runScanFile(MultipartFile, String, int[])
2020-08-05 15:49:11.908 DEBUG 30715 --- [http-nio-9221-exec-10] o.s.w.s.m.m.a.HttpEntityMethodProcessor  : Using 'application/json', given [application/json] and supported [application/json]
2020-08-05 15:49:11.919 DEBUG 30715 --- [http-nio-9221-exec-10] o.s.w.s.m.m.a.HttpEntityMethodProcessor  : Writing [CustomScannerServiceResult{findings=[], articles={}}]
2020-08-05 15:49:11.920 DEBUG 30715 --- [http-nio-9221-exec-10] o.s.web.servlet.DispatcherServlet        : Completed 200 OK
2020-08-05 15:49:19.035 DEBUG 30715 --- [http-nio-9221-exec-1] o.s.web.servlet.DispatcherServlet        : POST "/v1/scanFile", parameters={masked}
2020-08-05 15:49:19.036 DEBUG 30715 --- [http-nio-9221-exec-1] s.w.s.m.m.a.RequestMappingHandlerMapping : Mapped to com.hcl.appscan.customscannersservice.controller.CustomScannersController#runScanFile(MultipartFile, String, int[])
2020-08-05 15:49:19.080 DEBUG 30715 --- [http-nio-9221-exec-1] .m.m.a.ExceptionHandlerExceptionResolver : Using @ExceptionHandler com.hcl.appscan.customscannersservice.controller.CustomScannersControllerAdvice#handleInvalidArgument(IllegalArgumentException)
2020-08-05 15:49:19.081 DEBUG 30715 --- [http-nio-9221-exec-1] o.s.w.s.m.m.a.HttpEntityMethodProcessor  : Using 'application/json', given [application/json] and supported [application/json, application/*+json, application/json, application/*+json]
2020-08-05 15:49:19.082 DEBUG 30715 --- [http-nio-9221-exec-1] o.s.w.s.m.m.a.HttpEntityMethodProcessor  : Writing [com.hcl.appscan.customscannersservice.controller.CustomScannersControllerAdvice$ErrorMessage@75d5644 (truncated)...]
2020-08-05 15:49:19.082 DEBUG 30715 --- [http-nio-9221-exec-1] .m.m.a.ExceptionHandlerExceptionResolver : Resolved [java.lang.IllegalArgumentException: The following file extension is not supported: md]
2020-08-05 15:49:19.083 DEBUG 30715 --- [http-nio-9221-exec-1] o.s.web.servlet.DispatcherServlet        : Completed 422 UNPROCESSABLE_ENTITY
2020-08-05 15:49:40.917 DEBUG 30715 --- [http-nio-9221-exec-2] o.s.web.servlet.DispatcherServlet        : POST "/v1/scanFile", parameters={masked}
2020-08-05 15:49:40.918 DEBUG 30715 --- [http-nio-9221-exec-2] s.w.s.m.m.a.RequestMappingHandlerMapping : Mapped to com.hcl.appscan.customscannersservice.controller.CustomScannersController#runScanFile(MultipartFile, String, int[])
2020-08-05 15:49:40.935 DEBUG 30715 --- [http-nio-9221-exec-2] .m.m.a.ExceptionHandlerExceptionResolver : Using @ExceptionHandler com.hcl.appscan.customscannersservice.controller.CustomScannersControllerAdvice#handleInvalidArgument(IllegalArgumentException)
2020-08-05 15:49:40.936 DEBUG 30715 --- [http-nio-9221-exec-2] o.s.w.s.m.m.a.HttpEntityMethodProcessor  : Using 'application/json', given [application/json] and supported [application/json, application/*+json, application/json, application/*+json]
2020-08-05 15:49:40.936 DEBUG 30715 --- [http-nio-9221-exec-2] o.s.w.s.m.m.a.HttpEntityMethodProcessor  : Writing [com.hcl.appscan.customscannersservice.controller.CustomScannersControllerAdvice$ErrorMessage@1c6bd5c (truncated)...]
2020-08-05 15:49:40.937 DEBUG 30715 --- [http-nio-9221-exec-2] .m.m.a.ExceptionHandlerExceptionResolver : Resolved [java.lang.IllegalArgumentException: The following file extension is not supported: md]
2020-08-05 15:49:40.937 DEBUG 30715 --- [http-nio-9221-exec-2] o.s.web.servlet.DispatcherServlet        : Completed 422 UNPROCESSABLE_ENTITY
2020-08-05 15:55:45.087 DEBUG 30715 --- [http-nio-9221-exec-3] o.s.web.servlet.DispatcherServlet        : POST "/v1/scanFile", parameters={masked}
2020-08-05 15:55:45.089 DEBUG 30715 --- [http-nio-9221-exec-3] s.w.s.m.m.a.RequestMappingHandlerMapping : Mapped to com.hcl.appscan.customscannersservice.controller.CustomScannersController#runScanFile(MultipartFile, String, int[])
2020-08-05 15:55:45.105 DEBUG 30715 --- [http-nio-9221-exec-3] .m.m.a.ExceptionHandlerExceptionResolver : Using @ExceptionHandler com.hcl.appscan.customscannersservice.controller.CustomScannersControllerAdvice#handleInvalidArgument(IllegalArgumentException)
2020-08-05 15:55:45.106 DEBUG 30715 --- [http-nio-9221-exec-3] o.s.w.s.m.m.a.HttpEntityMethodProcessor  : Using 'application/json', given [application/json] and supported [application/json, application/*+json, application/json, application/*+json]
2020-08-05 15:55:45.107 DEBUG 30715 --- [http-nio-9221-exec-3] o.s.w.s.m.m.a.HttpEntityMethodProcessor  : Writing [com.hcl.appscan.customscannersservice.controller.CustomScannersControllerAdvice$ErrorMessage@2bdcd3a (truncated)...]
2020-08-05 15:55:45.108 DEBUG 30715 --- [http-nio-9221-exec-3] .m.m.a.ExceptionHandlerExceptionResolver : Resolved [java.lang.IllegalArgumentException: The following file extension is not supported: md]
2020-08-05 15:55:45.109 DEBUG 30715 --- [http-nio-9221-exec-3] o.s.web.servlet.DispatcherServlet        : Completed 422 UNPROCESSABLE_ENTITY
2020-08-05 15:58:36.777 DEBUG 30715 --- [http-nio-9221-exec-4] o.s.web.servlet.DispatcherServlet        : POST "/v1/scanFile", parameters={masked}
2020-08-05 15:58:36.780 DEBUG 30715 --- [http-nio-9221-exec-4] s.w.s.m.m.a.RequestMappingHandlerMapping : Mapped to com.hcl.appscan.customscannersservice.controller.CustomScannersController#runScanFile(MultipartFile, String, int[])
2020-08-05 15:58:36.793 DEBUG 30715 --- [http-nio-9221-exec-4] .m.m.a.ExceptionHandlerExceptionResolver : Using @ExceptionHandler com.hcl.appscan.customscannersservice.controller.CustomScannersControllerAdvice#handleInvalidArgument(IllegalArgumentException)
2020-08-05 15:58:36.794 DEBUG 30715 --- [http-nio-9221-exec-4] o.s.w.s.m.m.a.HttpEntityMethodProcessor  : Using 'application/json', given [application/json] and supported [application/json, application/*+json, application/json, application/*+json]
2020-08-05 15:58:36.794 DEBUG 30715 --- [http-nio-9221-exec-4] o.s.w.s.m.m.a.HttpEntityMethodProcessor  : Writing [com.hcl.appscan.customscannersservice.controller.CustomScannersControllerAdvice$ErrorMessage@34e6126 (truncated)...]
2020-08-05 15:58:36.795 DEBUG 30715 --- [http-nio-9221-exec-4] .m.m.a.ExceptionHandlerExceptionResolver : Resolved [java.lang.IllegalArgumentException: The following file extension is not supported: md]
2020-08-05 15:58:36.795 DEBUG 30715 --- [http-nio-9221-exec-4] o.s.web.servlet.DispatcherServlet        : Completed 422 UNPROCESSABLE_ENTITY
2020-08-05 15:59:38.928 DEBUG 30715 --- [http-nio-9221-exec-5] o.s.web.servlet.DispatcherServlet        : POST "/v1/scanFile", parameters={masked}
2020-08-05 15:59:38.929 DEBUG 30715 --- [http-nio-9221-exec-5] s.w.s.m.m.a.RequestMappingHandlerMapping : Mapped to com.hcl.appscan.customscannersservice.controller.CustomScannersController#runScanFile(MultipartFile, String, int[])
2020-08-05 15:59:38.937 DEBUG 30715 --- [http-nio-9221-exec-5] .m.m.a.ExceptionHandlerExceptionResolver : Using @ExceptionHandler com.hcl.appscan.customscannersservice.controller.CustomScannersControllerAdvice#handleInvalidArgument(IllegalArgumentException)
2020-08-05 15:59:38.938 DEBUG 30715 --- [http-nio-9221-exec-5] o.s.w.s.m.m.a.HttpEntityMethodProcessor  : Using 'application/json', given [application/json] and supported [application/json, application/*+json, application/json, application/*+json]
2020-08-05 15:59:38.938 DEBUG 30715 --- [http-nio-9221-exec-5] o.s.w.s.m.m.a.HttpEntityMethodProcessor  : Writing [com.hcl.appscan.customscannersservice.controller.CustomScannersControllerAdvice$ErrorMessage@1ed737b (truncated)...]
2020-08-05 15:59:38.939 DEBUG 30715 --- [http-nio-9221-exec-5] .m.m.a.ExceptionHandlerExceptionResolver : Resolved [java.lang.IllegalArgumentException: The following file extension is not supported: md]
2020-08-05 15:59:38.939 DEBUG 30715 --- [http-nio-9221-exec-5] o.s.web.servlet.DispatcherServlet        : Completed 422 UNPROCESSABLE_ENTITY
2020-08-05 16:06:05.809 DEBUG 30715 --- [http-nio-9221-exec-6] o.s.web.servlet.DispatcherServlet        : POST "/v1/scanFile", parameters={masked}
2020-08-05 16:06:05.814 DEBUG 30715 --- [http-nio-9221-exec-6] s.w.s.m.m.a.RequestMappingHandlerMapping : Mapped to com.hcl.appscan.customscannersservice.controller.CustomScannersController#runScanFile(MultipartFile, String, int[])
2020-08-05 16:06:05.832 DEBUG 30715 --- [http-nio-9221-exec-6] .m.m.a.ExceptionHandlerExceptionResolver : Using @ExceptionHandler com.hcl.appscan.customscannersservice.controller.CustomScannersControllerAdvice#handleInvalidArgument(IllegalArgumentException)
2020-08-05 16:06:05.833 DEBUG 30715 --- [http-nio-9221-exec-6] o.s.w.s.m.m.a.HttpEntityMethodProcessor  : Using 'application/json', given [application/json] and supported [application/json, application/*+json, application/json, application/*+json]
2020-08-05 16:06:05.834 DEBUG 30715 --- [http-nio-9221-exec-6] o.s.w.s.m.m.a.HttpEntityMethodProcessor  : Writing [com.hcl.appscan.customscannersservice.controller.CustomScannersControllerAdvice$ErrorMessage@5018515 (truncated)...]
2020-08-05 16:06:05.837 DEBUG 30715 --- [http-nio-9221-exec-6] .m.m.a.ExceptionHandlerExceptionResolver : Resolved [java.lang.IllegalArgumentException: The following file extension is not supported: md]
2020-08-05 16:06:05.838 DEBUG 30715 --- [http-nio-9221-exec-6] o.s.web.servlet.DispatcherServlet        : Completed 422 UNPROCESSABLE_ENTITY
